{
  "0 debug pnpm:scope": {
    "selected": 1,
    "workspacePrefix": "/home/william/Documents/mewi-monolith"
  },
  "1 error pnpm": {
    "code": "ELIFECYCLE",
    "errno": "ENOENT",
    "syscall": "spawn",
    "file": "sh",
    "pkgid": "@mewi/schemas@1.0.1",
    "stage": "prisma:generate",
    "script": "dotenv -- prisma generate",
    "pkgname": "@mewi/schemas",
    "err": {
      "name": "pnpm",
      "message": "@mewi/schemas@1.0.1 prisma:generate: `dotenv -- prisma generate`\nspawn ENOENT",
      "code": "ELIFECYCLE",
      "stack": "pnpm: @mewi/schemas@1.0.1 prisma:generate: `dotenv -- prisma generate`\nspawn ENOENT\n    at ChildProcess.<anonymous> (/usr/pnpm-global/5/node_modules/.pnpm/pnpm@6.32.4/node_modules/pnpm/dist/pnpm.cjs:92290:22)\n    at ChildProcess.emit (node:events:527:28)\n    at maybeClose (node:internal/child_process:1090:16)\n    at ChildProcess._handle.onexit (node:internal/child_process:302:5)"
    }
  },
  "2 warn pnpm:global": " Local package.json exists, but node_modules missing, did you mean to install?"
}