{
  "0 debug pnpm:scope": {
    "selected": 1,
    "workspacePrefix": "C:\\Users\\william.wigemo\\Documents\\GitHub\\mewi-monolith-new"
  },
  "1 error pnpm": {
    "errno": 1,
    "code": "ELIFECYCLE",
    "pkgid": "mewi@0.0.0",
    "stage": "dev",
    "script": "pnpm run build:watch -F @wille430/common | pnpm run dev -r --parallel",
    "pkgname": "mewi",
    "err": {
      "name": "pnpm",
      "message": "mewi@0.0.0 dev: `pnpm run build:watch -F @wille430/common | pnpm run dev -r --parallel`\nExit status 1",
      "code": "ELIFECYCLE",
      "stack": "pnpm: mewi@0.0.0 dev: `pnpm run build:watch -F @wille430/common | pnpm run dev -r --parallel`\nExit status 1\n    at EventEmitter.<anonymous> (C:\\Users\\william.wigemo\\AppData\\Roaming\\npm\\node_modules\\pnpm\\dist\\pnpm.cjs:105736:20)\n    at EventEmitter.emit (events.js:400:28)\n    at ChildProcess.<anonymous> (C:\\Users\\william.wigemo\\AppData\\Roaming\\npm\\node_modules\\pnpm\\dist\\pnpm.cjs:92297:18)\n    at ChildProcess.emit (events.js:400:28)\n    at maybeClose (internal/child_process.js:1055:16)\n    at Process.ChildProcess._handle.onexit (internal/child_process.js:288:5)"
    }
  },
  "2 warn pnpm:global": " Local package.json exists, but node_modules missing, did you mean to install?"
}