{
  "0 debug pnpm:scope": {
    "selected": 1
  },
  "1 debug pnpm:package-manifest": {
    "initial": {
      "name": "api",
      "version": "0.0.0",
      "license": "MIT",
      "main": "src/main.ts",
      "dependencies": {
        "@faker-js/faker": "^6.0.0-alpha.6",
        "@nestjs/cli": "^8.2.4",
        "@nestjs/common": "^8.4.2",
        "@nestjs/config": "^2.0.0",
        "@nestjs/core": "^8.4.2",
        "@nestjs/jwt": "^8.0.0",
        "@nestjs/mapped-types": "^1.0.1",
        "@nestjs/mongoose": "^9.0.3",
        "@nestjs/passport": "^8.2.1",
        "@nestjs/platform-express": "^8.4.2",
        "@nestjs/schedule": "^1.1.0",
        "@nestjs/serve-static": "^2.2.2",
        "@nestjs/testing": "^8.4.3",
        "@nestjs/throttler": "^2.0.1",
        "@prisma/client": "^3.13.0",
        "@types/jsdom": "^16.2.14",
        "@types/lodash": "^4.14.180",
        "@wille430/common": "workspace:^1.0.1",
        "axios": "^0.26.1",
        "bcryptjs": "^2.4.3",
        "cache-manager": "^3.6.0",
        "class-transformer": "^0.5.1",
        "class-validator": "^0.13.2",
        "commander": "^9.1.0",
        "cors": "^2.8.5",
        "dotenv": "^10.0.0",
        "email-templates": "^8.0.8",
        "express": "^4.17.3",
        "fakingoose": "^2.2.1",
        "jsdom": "^19.0.0",
        "lodash": "^4.17.21",
        "mjml": "^4.12.0",
        "mongodb": "^4.4.1",
        "mongoose": "6.2.9",
        "node-schedule": "^2.1.0",
        "nodemailer": "^6.7.2",
        "passport": "^0.5.2",
        "passport-google-oauth20": "^2.0.0",
        "passport-jwt": "^4.0.0",
        "passport-local": "^1.0.0",
        "prisma-factory": "^0.1.12",
        "puppeteer": "13.3.2",
        "reflect-metadata": "^0.1.13",
        "remove": "^0.1.5",
        "robots-parser": "^3.0.0",
        "rxjs": "^7.5.5",
        "source-map-support": "^0.5.21",
        "tslib": "^2.3.1",
        "uuid": "^8.3.2",
        "vite": "^2.8.0"
      },
      "devDependencies": {
        "@types/bcryptjs": "^2.4.2",
        "@types/email-templates": "^8.0.4",
        "@types/jsonwebtoken": "^8.5.6",
        "@types/mjml": "^4.7.0",
        "@types/node-schedule": "^1.3.2",
        "@types/passport-google-oauth20": "^2.0.11",
        "@types/passport-jwt": "^3.0.6",
        "@types/passport-local": "^1.0.34",
        "@types/supertest": "^2.0.12",
        "@types/uuid": "^8.3.4",
        "eslint-plugin-tsdoc": "^0.2.14",
        "mockingoose": "^2.15.2",
        "mongodb-memory-server": "^8.4.2",
        "prisma": "^3.13.0",
        "supertest": "^6.2.2",
        "tsc-alias": "^1.6.6",
        "typescript": "^4.6.3",
        "unplugin-auto-import": "^0.6.8",
        "vite-tsconfig-paths": "^3.4.1",
        "vitest": "^0.8.1"
      },
      "scripts": {
        "dev": "nest start --watch && node build.js",
        "lint": "eslint",
        "test": "pnpm -w run db:up && vitest run",
        "coverage": "vitest run --coverage",
        "test:watch": "pnpm -w run db:up && vitest watch",
        "build": "tsc -p ./tsconfig.build.json && tsc-alias -p ./tsconfig.build.json && node build.js",
        "pack": "pnpm pack --pack-destination ../../archive",
        "isolate": "sh script/predeploy-api.sh",
        "start": "nest start"
      }
    },
    "prefix": "/home/william/Documents/mewi-nest-api"
  },
  "2 debug pnpm:context": {
    "currentLockfileExists": false,
    "storeDir": "/home/william/.pnpm-store/v3",
    "virtualStoreDir": "/home/william/Documents/mewi-nest-api/node_modules/.pnpm"
  },
  "3 debug pnpm:stage": {
    "prefix": "/home/william/Documents/mewi-nest-api",
    "stage": "resolution_started"
  },
  "4 debug pnpm:_dependency_resolved": {
    "resolution": "registry.npmjs.org/@types/uuid/8.3.4",
    "wanted": {
      "dependentId": ".",
      "name": "@types/uuid",
      "rawSpec": "^8.3.4"
    }
  },
  "5 debug pnpm:progress": {
    "packageId": "registry.npmjs.org/@types/uuid/8.3.4",
    "requester": "/home/william/Documents/mewi-nest-api",
    "status": "resolved"
  },
  "6 debug pnpm:_dependency_resolved": {
    "resolution": "registry.npmjs.org/supertest/6.2.3",
    "wanted": {
      "dependentId": ".",
      "name": "supertest",
      "rawSpec": "^6.2.2"
    }
  },
  "7 debug pnpm:progress": {
    "packageId": "registry.npmjs.org/supertest/6.2.3",
    "requester": "/home/william/Documents/mewi-nest-api",
    "status": "resolved"
  },
  "8 debug pnpm:_dependency_resolved": {
    "resolution": "registry.npmjs.org/@types/jsonwebtoken/8.5.8",
    "wanted": {
      "dependentId": ".",
      "name": "@types/jsonwebtoken",
      "rawSpec": "^8.5.6"
    }
  },
  "9 debug pnpm:progress": {
    "packageId": "registry.npmjs.org/@types/jsonwebtoken/8.5.8",
    "requester": "/home/william/Documents/mewi-nest-api",
    "status": "resolved"
  },
  "10 debug pnpm:progress": {
    "packageId": "registry.npmjs.org/@types/uuid/8.3.4",
    "requester": "/home/william/Documents/mewi-nest-api",
    "status": "found_in_store"
  },
  "11 debug pnpm:progress": {
    "packageId": "registry.npmjs.org/@types/jsonwebtoken/8.5.8",
    "requester": "/home/william/Documents/mewi-nest-api",
    "status": "found_in_store"
  },
  "12 debug pnpm:fetching-progress": {
    "attempt": 1,
    "packageId": "registry.npmjs.org/supertest/6.2.3",
    "size": 7497,
    "status": "started"
  },
  "13 debug pnpm:_dependency_resolved": {
    "resolution": "registry.npmjs.org/@types/supertest/2.0.12",
    "wanted": {
      "dependentId": ".",
      "name": "@types/supertest",
      "rawSpec": "^2.0.12"
    }
  },
  "14 debug pnpm:progress": {
    "packageId": "registry.npmjs.org/@types/supertest/2.0.12",
    "requester": "/home/william/Documents/mewi-nest-api",
    "status": "resolved"
  },
  "15 debug pnpm:progress": {
    "packageId": "registry.npmjs.org/@types/supertest/2.0.12",
    "requester": "/home/william/Documents/mewi-nest-api",
    "status": "found_in_store"
  },
  "16 debug pnpm:progress": {
    "packageId": "registry.npmjs.org/supertest/6.2.3",
    "requester": "/home/william/Documents/mewi-nest-api",
    "status": "fetched"
  },
  "17 debug pnpm:_dependency_resolved": {
    "resolution": "registry.npmjs.org/prisma/3.13.0",
    "wanted": {
      "dependentId": ".",
      "name": "prisma",
      "rawSpec": "^3.13.0"
    }
  },
  "18 debug pnpm:progress": {
    "packageId": "registry.npmjs.org/prisma/3.13.0",
    "requester": "/home/william/Documents/mewi-nest-api",
    "status": "resolved"
  },
  "19 debug pnpm:_dependency_resolved": {
    "resolution": "registry.npmjs.org/typescript/4.6.4",
    "wanted": {
      "dependentId": ".",
      "name": "typescript",
      "rawSpec": "^4.6.3"
    }
  },
  "20 debug pnpm:progress": {
    "packageId": "registry.npmjs.org/typescript/4.6.4",
    "requester": "/home/william/Documents/mewi-nest-api",
    "status": "resolved"
  },
  "21 debug pnpm:progress": {
    "packageId": "registry.npmjs.org/prisma/3.13.0",
    "requester": "/home/william/Documents/mewi-nest-api",
    "status": "found_in_store"
  },
  "22 debug pnpm:_dependency_resolved": {
    "resolution": "registry.npmjs.org/eslint-plugin-tsdoc/0.2.16",
    "wanted": {
      "dependentId": ".",
      "name": "eslint-plugin-tsdoc",
      "rawSpec": "^0.2.14"
    }
  },
  "23 debug pnpm:progress": {
    "packageId": "registry.npmjs.org/eslint-plugin-tsdoc/0.2.16",
    "requester": "/home/william/Documents/mewi-nest-api",
    "status": "resolved"
  },
  "24 debug pnpm:_dependency_resolved": {
    "resolution": "registry.npmjs.org/tsc-alias/1.6.7",
    "wanted": {
      "dependentId": ".",
      "name": "tsc-alias",
      "rawSpec": "^1.6.6"
    }
  },
  "25 debug pnpm:progress": {
    "packageId": "registry.npmjs.org/tsc-alias/1.6.7",
    "requester": "/home/william/Documents/mewi-nest-api",
    "status": "resolved"
  },
  "26 debug pnpm:fetching-progress": {
    "attempt": 1,
    "packageId": "registry.npmjs.org/typescript/4.6.4",
    "size": 11365428,
    "status": "started"
  },
  "27 debug pnpm:fetching-progress": {
    "downloaded": 784,
    "packageId": "registry.npmjs.org/typescript/4.6.4",
    "status": "in_progress"
  },
  "28 debug pnpm:fetching-progress": {
    "downloaded": 2153,
    "packageId": "registry.npmjs.org/typescript/4.6.4",
    "status": "in_progress"
  },
  "29 debug pnpm:fetching-progress": {
    "downloaded": 3522,
    "packageId": "registry.npmjs.org/typescript/4.6.4",
    "status": "in_progress"
  },
  "30 debug pnpm:fetching-progress": {
    "downloaded": 4891,
    "packageId": "registry.npmjs.org/typescript/4.6.4",
    "status": "in_progress"
  },
  "31 debug pnpm:fetching-progress": {
    "downloaded": 6260,
    "packageId": "registry.npmjs.org/typescript/4.6.4",
    "status": "in_progress"
  },
  "32 debug pnpm:fetching-progress": {
    "downloaded": 7629,
    "packageId": "registry.npmjs.org/typescript/4.6.4",
    "status": "in_progress"
  },
  "33 debug pnpm:fetching-progress": {
    "downloaded": 8998,
    "packageId": "registry.npmjs.org/typescript/4.6.4",
    "status": "in_progress"
  },
  "34 debug pnpm:fetching-progress": {
    "downloaded": 10367,
    "packageId": "registry.npmjs.org/typescript/4.6.4",
    "status": "in_progress"
  },
  "35 debug pnpm:fetching-progress": {
    "downloaded": 11736,
    "packageId": "registry.npmjs.org/typescript/4.6.4",
    "status": "in_progress"
  },
  "36 debug pnpm:fetching-progress": {
    "downloaded": 13105,
    "packageId": "registry.npmjs.org/typescript/4.6.4",
    "status": "in_progress"
  },
  "37 debug pnpm:fetching-progress": {
    "downloaded": 14474,
    "packageId": "registry.npmjs.org/typescript/4.6.4",
    "status": "in_progress"
  },
  "38 debug pnpm:fetching-progress": {
    "downloaded": 15843,
    "packageId": "registry.npmjs.org/typescript/4.6.4",
    "status": "in_progress"
  },
  "39 debug pnpm:fetching-progress": {
    "downloaded": 17212,
    "packageId": "registry.npmjs.org/typescript/4.6.4",
    "status": "in_progress"
  },
  "40 debug pnpm:fetching-progress": {
    "downloaded": 21441,
    "packageId": "registry.npmjs.org/typescript/4.6.4",
    "status": "in_progress"
  },
  "41 debug pnpm:fetching-progress": {
    "downloaded": 25670,
    "packageId": "registry.npmjs.org/typescript/4.6.4",
    "status": "in_progress"
  },
  "42 debug pnpm:fetching-progress": {
    "downloaded": 29899,
    "packageId": "registry.npmjs.org/typescript/4.6.4",
    "status": "in_progress"
  },
  "43 debug pnpm:fetching-progress": {
    "downloaded": 32114,
    "packageId": "registry.npmjs.org/typescript/4.6.4",
    "status": "in_progress"
  },
  "44 debug pnpm:fetching-progress": {
    "downloaded": 36343,
    "packageId": "registry.npmjs.org/typescript/4.6.4",
    "status": "in_progress"
  },
  "45 debug pnpm:fetching-progress": {
    "downloaded": 40572,
    "packageId": "registry.npmjs.org/typescript/4.6.4",
    "status": "in_progress"
  },
  "46 debug pnpm:fetching-progress": {
    "downloaded": 44801,
    "packageId": "registry.npmjs.org/typescript/4.6.4",
    "status": "in_progress"
  },
  "47 debug pnpm:fetching-progress": {
    "downloaded": 49030,
    "packageId": "registry.npmjs.org/typescript/4.6.4",
    "status": "in_progress"
  },
  "48 debug pnpm:fetching-progress": {
    "downloaded": 53259,
    "packageId": "registry.npmjs.org/typescript/4.6.4",
    "status": "in_progress"
  },
  "49 debug pnpm:fetching-progress": {
    "downloaded": 57488,
    "packageId": "registry.npmjs.org/typescript/4.6.4",
    "status": "in_progress"
  },
  "50 debug pnpm:fetching-progress": {
    "downloaded": 61717,
    "packageId": "registry.npmjs.org/typescript/4.6.4",
    "status": "in_progress"
  },
  "51 debug pnpm:fetching-progress": {
    "downloaded": 64882,
    "packageId": "registry.npmjs.org/typescript/4.6.4",
    "status": "in_progress"
  },
  "52 debug pnpm:fetching-progress": {
    "downloaded": 69111,
    "packageId": "registry.npmjs.org/typescript/4.6.4",
    "status": "in_progress"
  },
  "53 debug pnpm:fetching-progress": {
    "downloaded": 73340,
    "packageId": "registry.npmjs.org/typescript/4.6.4",
    "status": "in_progress"
  },
  "54 debug pnpm:fetching-progress": {
    "downloaded": 77569,
    "packageId": "registry.npmjs.org/typescript/4.6.4",
    "status": "in_progress"
  },
  "55 debug pnpm:fetching-progress": {
    "downloaded": 81798,
    "packageId": "registry.npmjs.org/typescript/4.6.4",
    "status": "in_progress"
  },
  "56 debug pnpm:fetching-progress": {
    "downloaded": 86027,
    "packageId": "registry.npmjs.org/typescript/4.6.4",
    "status": "in_progress"
  },
  "57 debug pnpm:fetching-progress": {
    "downloaded": 90256,
    "packageId": "registry.npmjs.org/typescript/4.6.4",
    "status": "in_progress"
  },
  "58 debug pnpm:fetching-progress": {
    "downloaded": 94485,
    "packageId": "registry.npmjs.org/typescript/4.6.4",
    "status": "in_progress"
  },
  "59 debug pnpm:fetching-progress": {
    "downloaded": 97650,
    "packageId": "registry.npmjs.org/typescript/4.6.4",
    "status": "in_progress"
  },
  "60 debug pnpm:fetching-progress": {
    "downloaded": 101879,
    "packageId": "registry.npmjs.org/typescript/4.6.4",
    "status": "in_progress"
  },
  "61 debug pnpm:fetching-progress": {
    "downloaded": 106108,
    "packageId": "registry.npmjs.org/typescript/4.6.4",
    "status": "in_progress"
  },
  "62 debug pnpm:fetching-progress": {
    "downloaded": 110337,
    "packageId": "registry.npmjs.org/typescript/4.6.4",
    "status": "in_progress"
  },
  "63 debug pnpm:fetching-progress": {
    "downloaded": 114566,
    "packageId": "registry.npmjs.org/typescript/4.6.4",
    "status": "in_progress"
  },
  "64 debug pnpm:fetching-progress": {
    "downloaded": 118795,
    "packageId": "registry.npmjs.org/typescript/4.6.4",
    "status": "in_progress"
  },
  "65 debug pnpm:fetching-progress": {
    "downloaded": 123024,
    "packageId": "registry.npmjs.org/typescript/4.6.4",
    "status": "in_progress"
  },
  "66 debug pnpm:fetching-progress": {
    "downloaded": 127253,
    "packageId": "registry.npmjs.org/typescript/4.6.4",
    "status": "in_progress"
  },
  "67 debug pnpm:fetching-progress": {
    "downloaded": 130418,
    "packageId": "registry.npmjs.org/typescript/4.6.4",
    "status": "in_progress"
  },
  "68 debug pnpm:fetching-progress": {
    "downloaded": 134647,
    "packageId": "registry.npmjs.org/typescript/4.6.4",
    "status": "in_progress"
  },
  "69 debug pnpm:fetching-progress": {
    "downloaded": 138876,
    "packageId": "registry.npmjs.org/typescript/4.6.4",
    "status": "in_progress"
  },
  "70 debug pnpm:fetching-progress": {
    "downloaded": 143105,
    "packageId": "registry.npmjs.org/typescript/4.6.4",
    "status": "in_progress"
  },
  "71 debug pnpm:fetching-progress": {
    "downloaded": 147334,
    "packageId": "registry.npmjs.org/typescript/4.6.4",
    "status": "in_progress"
  },
  "72 debug pnpm:fetching-progress": {
    "downloaded": 151563,
    "packageId": "registry.npmjs.org/typescript/4.6.4",
    "status": "in_progress"
  },
  "73 debug pnpm:fetching-progress": {
    "downloaded": 155792,
    "packageId": "registry.npmjs.org/typescript/4.6.4",
    "status": "in_progress"
  },
  "74 debug pnpm:fetching-progress": {
    "downloaded": 160021,
    "packageId": "registry.npmjs.org/typescript/4.6.4",
    "status": "in_progress"
  },
  "75 debug pnpm:fetching-progress": {
    "downloaded": 163186,
    "packageId": "registry.npmjs.org/typescript/4.6.4",
    "status": "in_progress"
  },
  "76 debug pnpm:fetching-progress": {
    "downloaded": 167415,
    "packageId": "registry.npmjs.org/typescript/4.6.4",
    "status": "in_progress"
  },
  "77 debug pnpm:fetching-progress": {
    "downloaded": 171644,
    "packageId": "registry.npmjs.org/typescript/4.6.4",
    "status": "in_progress"
  },
  "78 debug pnpm:fetching-progress": {
    "downloaded": 175873,
    "packageId": "registry.npmjs.org/typescript/4.6.4",
    "status": "in_progress"
  },
  "79 debug pnpm:fetching-progress": {
    "downloaded": 179415,
    "packageId": "registry.npmjs.org/typescript/4.6.4",
    "status": "in_progress"
  },
  "80 debug pnpm:fetching-progress": {
    "downloaded": 195799,
    "packageId": "registry.npmjs.org/typescript/4.6.4",
    "status": "in_progress"
  },
  "81 debug pnpm:fetching-progress": {
    "downloaded": 212183,
    "packageId": "registry.npmjs.org/typescript/4.6.4",
    "status": "in_progress"
  },
  "82 debug pnpm:fetching-progress": {
    "downloaded": 228567,
    "packageId": "registry.npmjs.org/typescript/4.6.4",
    "status": "in_progress"
  },
  "83 debug pnpm:fetching-progress": {
    "downloaded": 244951,
    "packageId": "registry.npmjs.org/typescript/4.6.4",
    "status": "in_progress"
  },
  "84 debug pnpm:fetching-progress": {
    "downloaded": 261335,
    "packageId": "registry.npmjs.org/typescript/4.6.4",
    "status": "in_progress"
  },
  "85 debug pnpm:fetching-progress": {
    "downloaded": 277719,
    "packageId": "registry.npmjs.org/typescript/4.6.4",
    "status": "in_progress"
  },
  "86 debug pnpm:fetching-progress": {
    "downloaded": 294103,
    "packageId": "registry.npmjs.org/typescript/4.6.4",
    "status": "in_progress"
  },
  "87 debug pnpm:fetching-progress": {
    "downloaded": 310487,
    "packageId": "registry.npmjs.org/typescript/4.6.4",
    "status": "in_progress"
  },
  "88 debug pnpm:fetching-progress": {
    "downloaded": 326871,
    "packageId": "registry.npmjs.org/typescript/4.6.4",
    "status": "in_progress"
  },
  "89 debug pnpm:fetching-progress": {
    "downloaded": 343255,
    "packageId": "registry.npmjs.org/typescript/4.6.4",
    "status": "in_progress"
  },
  "90 debug pnpm:fetching-progress": {
    "downloaded": 358705,
    "packageId": "registry.npmjs.org/typescript/4.6.4",
    "status": "in_progress"
  },
  "91 debug pnpm:fetching-progress": {
    "downloaded": 375089,
    "packageId": "registry.npmjs.org/typescript/4.6.4",
    "status": "in_progress"
  },
  "92 debug pnpm:fetching-progress": {
    "downloaded": 391473,
    "packageId": "registry.npmjs.org/typescript/4.6.4",
    "status": "in_progress"
  },
  "93 debug pnpm:fetching-progress": {
    "downloaded": 407857,
    "packageId": "registry.npmjs.org/typescript/4.6.4",
    "status": "in_progress"
  },
  "94 debug pnpm:fetching-progress": {
    "downloaded": 424241,
    "packageId": "registry.npmjs.org/typescript/4.6.4",
    "status": "in_progress"
  },
  "95 debug pnpm:fetching-progress": {
    "downloaded": 440625,
    "packageId": "registry.npmjs.org/typescript/4.6.4",
    "status": "in_progress"
  },
  "96 debug pnpm:fetching-progress": {
    "downloaded": 457009,
    "packageId": "registry.npmjs.org/typescript/4.6.4",
    "status": "in_progress"
  },
  "97 debug pnpm:fetching-progress": {
    "downloaded": 473393,
    "packageId": "registry.npmjs.org/typescript/4.6.4",
    "status": "in_progress"
  },
  "98 debug pnpm:fetching-progress": {
    "downloaded": 489777,
    "packageId": "registry.npmjs.org/typescript/4.6.4",
    "status": "in_progress"
  },
  "99 debug pnpm:fetching-progress": {
    "downloaded": 506161,
    "packageId": "registry.npmjs.org/typescript/4.6.4",
    "status": "in_progress"
  },
  "100 debug pnpm:fetching-progress": {
    "downloaded": 522545,
    "packageId": "registry.npmjs.org/typescript/4.6.4",
    "status": "in_progress"
  },
  "101 debug pnpm:fetching-progress": {
    "downloaded": 538929,
    "packageId": "registry.npmjs.org/typescript/4.6.4",
    "status": "in_progress"
  },
  "102 debug pnpm:fetching-progress": {
    "attempt": 1,
    "packageId": "registry.npmjs.org/eslint-plugin-tsdoc/0.2.16",
    "size": 10351,
    "status": "started"
  },
  "103 debug pnpm:_dependency_resolved": {
    "resolution": "registry.npmjs.org/mongodb-memory-server/8.5.2",
    "wanted": {
      "dependentId": ".",
      "name": "mongodb-memory-server",
      "rawSpec": "^8.4.2"
    }
  },
  "104 debug pnpm:progress": {
    "packageId": "registry.npmjs.org/mongodb-memory-server/8.5.2",
    "requester": "/home/william/Documents/mewi-nest-api",
    "status": "resolved"
  },
  "105 debug pnpm:_dependency_resolved": {
    "resolution": "registry.npmjs.org/unplugin-auto-import/0.6.9",
    "wanted": {
      "dependentId": ".",
      "name": "unplugin-auto-import",
      "rawSpec": "^0.6.8"
    }
  },
  "106 debug pnpm:progress": {
    "packageId": "registry.npmjs.org/unplugin-auto-import/0.6.9",
    "requester": "/home/william/Documents/mewi-nest-api",
    "status": "resolved"
  },
  "107 debug pnpm:fetching-progress": {
    "downloaded": 555313,
    "packageId": "registry.npmjs.org/typescript/4.6.4",
    "status": "in_progress"
  },
  "108 debug pnpm:fetching-progress": {
    "downloaded": 571697,
    "packageId": "registry.npmjs.org/typescript/4.6.4",
    "status": "in_progress"
  },
  "109 debug pnpm:fetching-progress": {
    "downloaded": 588081,
    "packageId": "registry.npmjs.org/typescript/4.6.4",
    "status": "in_progress"
  },
  "110 debug pnpm:fetching-progress": {
    "downloaded": 604465,
    "packageId": "registry.npmjs.org/typescript/4.6.4",
    "status": "in_progress"
  },
  "111 debug pnpm:fetching-progress": {
    "downloaded": 620849,
    "packageId": "registry.npmjs.org/typescript/4.6.4",
    "status": "in_progress"
  },
  "112 debug pnpm:fetching-progress": {
    "downloaded": 637233,
    "packageId": "registry.npmjs.org/typescript/4.6.4",
    "status": "in_progress"
  },
  "113 debug pnpm:fetching-progress": {
    "downloaded": 653617,
    "packageId": "registry.npmjs.org/typescript/4.6.4",
    "status": "in_progress"
  },
  "114 debug pnpm:fetching-progress": {
    "downloaded": 670001,
    "packageId": "registry.npmjs.org/typescript/4.6.4",
    "status": "in_progress"
  },
  "115 debug pnpm:fetching-progress": {
    "downloaded": 686385,
    "packageId": "registry.npmjs.org/typescript/4.6.4",
    "status": "in_progress"
  },
  "116 debug pnpm:fetching-progress": {
    "downloaded": 702769,
    "packageId": "registry.npmjs.org/typescript/4.6.4",
    "status": "in_progress"
  },
  "117 debug pnpm:fetching-progress": {
    "downloaded": 719153,
    "packageId": "registry.npmjs.org/typescript/4.6.4",
    "status": "in_progress"
  },
  "118 debug pnpm:_dependency_resolved": {
    "resolution": "registry.npmjs.org/@types/mjml/4.7.0",
    "wanted": {
      "dependentId": ".",
      "name": "@types/mjml",
      "rawSpec": "^4.7.0"
    }
  },
  "119 debug pnpm:progress": {
    "packageId": "registry.npmjs.org/@types/mjml/4.7.0",
    "requester": "/home/william/Documents/mewi-nest-api",
    "status": "resolved"
  },
  "120 debug pnpm:_dependency_resolved": {
    "resolution": "registry.npmjs.org/@types/email-templates/8.0.4",
    "wanted": {
      "dependentId": ".",
      "name": "@types/email-templates",
      "rawSpec": "^8.0.4"
    }
  },
  "121 debug pnpm:progress": {
    "packageId": "registry.npmjs.org/@types/email-templates/8.0.4",
    "requester": "/home/william/Documents/mewi-nest-api",
    "status": "resolved"
  },
  "122 debug pnpm:fetching-progress": {
    "downloaded": 735537,
    "packageId": "registry.npmjs.org/typescript/4.6.4",
    "status": "in_progress"
  },
  "123 debug pnpm:fetching-progress": {
    "downloaded": 751921,
    "packageId": "registry.npmjs.org/typescript/4.6.4",
    "status": "in_progress"
  },
  "124 debug pnpm:fetching-progress": {
    "downloaded": 768305,
    "packageId": "registry.npmjs.org/typescript/4.6.4",
    "status": "in_progress"
  },
  "125 debug pnpm:fetching-progress": {
    "downloaded": 784689,
    "packageId": "registry.npmjs.org/typescript/4.6.4",
    "status": "in_progress"
  },
  "126 debug pnpm:fetching-progress": {
    "downloaded": 801073,
    "packageId": "registry.npmjs.org/typescript/4.6.4",
    "status": "in_progress"
  },
  "127 debug pnpm:fetching-progress": {
    "downloaded": 817457,
    "packageId": "registry.npmjs.org/typescript/4.6.4",
    "status": "in_progress"
  },
  "128 debug pnpm:fetching-progress": {
    "downloaded": 833841,
    "packageId": "registry.npmjs.org/typescript/4.6.4",
    "status": "in_progress"
  },
  "129 debug pnpm:fetching-progress": {
    "downloaded": 850225,
    "packageId": "registry.npmjs.org/typescript/4.6.4",
    "status": "in_progress"
  },
  "130 debug pnpm:fetching-progress": {
    "downloaded": 866609,
    "packageId": "registry.npmjs.org/typescript/4.6.4",
    "status": "in_progress"
  },
  "131 debug pnpm:fetching-progress": {
    "downloaded": 882993,
    "packageId": "registry.npmjs.org/typescript/4.6.4",
    "status": "in_progress"
  },
  "132 debug pnpm:fetching-progress": {
    "downloaded": 899377,
    "packageId": "registry.npmjs.org/typescript/4.6.4",
    "status": "in_progress"
  },
  "133 debug pnpm:fetching-progress": {
    "downloaded": 915761,
    "packageId": "registry.npmjs.org/typescript/4.6.4",
    "status": "in_progress"
  },
  "134 debug pnpm:fetching-progress": {
    "downloaded": 932145,
    "packageId": "registry.npmjs.org/typescript/4.6.4",
    "status": "in_progress"
  },
  "135 debug pnpm:fetching-progress": {
    "downloaded": 948529,
    "packageId": "registry.npmjs.org/typescript/4.6.4",
    "status": "in_progress"
  },
  "136 debug pnpm:fetching-progress": {
    "downloaded": 964913,
    "packageId": "registry.npmjs.org/typescript/4.6.4",
    "status": "in_progress"
  },
  "137 debug pnpm:fetching-progress": {
    "downloaded": 981297,
    "packageId": "registry.npmjs.org/typescript/4.6.4",
    "status": "in_progress"
  },
  "138 debug pnpm:fetching-progress": {
    "attempt": 1,
    "packageId": "registry.npmjs.org/mongodb-memory-server/8.5.2",
    "size": 2239,
    "status": "started"
  },
  "139 debug pnpm:_dependency_resolved": {
    "resolution": "registry.npmjs.org/mockingoose/2.15.2",
    "wanted": {
      "dependentId": ".",
      "name": "mockingoose",
      "rawSpec": "^2.15.2"
    }
  },
  "140 debug pnpm:progress": {
    "packageId": "registry.npmjs.org/mockingoose/2.15.2",
    "requester": "/home/william/Documents/mewi-nest-api",
    "status": "resolved"
  },
  "141 debug pnpm:_dependency_resolved": {
    "resolution": "registry.npmjs.org/@types/passport-local/1.0.34",
    "wanted": {
      "dependentId": ".",
      "name": "@types/passport-local",
      "rawSpec": "^1.0.34"
    }
  },
  "142 debug pnpm:progress": {
    "packageId": "registry.npmjs.org/@types/passport-local/1.0.34",
    "requester": "/home/william/Documents/mewi-nest-api",
    "status": "resolved"
  },
  "143 debug pnpm:fetching-progress": {
    "attempt": 1,
    "packageId": "registry.npmjs.org/tsc-alias/1.6.7",
    "size": 28193,
    "status": "started"
  },
  "144 debug pnpm:_dependency_resolved": {
    "resolution": "registry.npmjs.org/@types/node-schedule/1.3.2",
    "wanted": {
      "dependentId": ".",
      "name": "@types/node-schedule",
      "rawSpec": "^1.3.2"
    }
  },
  "145 debug pnpm:progress": {
    "packageId": "registry.npmjs.org/@types/node-schedule/1.3.2",
    "requester": "/home/william/Documents/mewi-nest-api",
    "status": "resolved"
  },
  "146 debug pnpm:fetching-progress": {
    "attempt": 1,
    "packageId": "registry.npmjs.org/unplugin-auto-import/0.6.9",
    "size": 19004,
    "status": "started"
  },
  "147 debug pnpm:_dependency_resolved": {
    "resolution": "registry.npmjs.org/vite-tsconfig-paths/3.4.1",
    "wanted": {
      "dependentId": ".",
      "name": "vite-tsconfig-paths",
      "rawSpec": "^3.4.1"
    }
  },
  "148 debug pnpm:progress": {
    "packageId": "registry.npmjs.org/vite-tsconfig-paths/3.4.1",
    "requester": "/home/william/Documents/mewi-nest-api",
    "status": "resolved"
  },
  "149 debug pnpm:_dependency_resolved": {
    "resolution": "registry.npmjs.org/@nestjs/common/8.4.4",
    "wanted": {
      "dependentId": ".",
      "name": "@nestjs/common",
      "rawSpec": "^8.4.2"
    }
  },
  "150 debug pnpm:progress": {
    "packageId": "registry.npmjs.org/@nestjs/common/8.4.4",
    "requester": "/home/william/Documents/mewi-nest-api",
    "status": "resolved"
  },
  "151 debug pnpm:_dependency_resolved": {
    "resolution": "registry.npmjs.org/@nestjs/core/8.4.4",
    "wanted": {
      "dependentId": ".",
      "name": "@nestjs/core",
      "rawSpec": "^8.4.2"
    }
  },
  "152 debug pnpm:progress": {
    "packageId": "registry.npmjs.org/@nestjs/core/8.4.4",
    "requester": "/home/william/Documents/mewi-nest-api",
    "status": "resolved"
  },
  "153 debug pnpm:_dependency_resolved": {
    "resolution": "registry.npmjs.org/vitest/0.8.5",
    "wanted": {
      "dependentId": ".",
      "name": "vitest",
      "rawSpec": "^0.8.1"
    }
  },
  "154 debug pnpm:progress": {
    "packageId": "registry.npmjs.org/vitest/0.8.5",
    "requester": "/home/william/Documents/mewi-nest-api",
    "status": "resolved"
  },
  "155 debug pnpm:_dependency_resolved": {
    "resolution": "registry.npmjs.org/@nestjs/cli/8.2.5",
    "wanted": {
      "dependentId": ".",
      "name": "@nestjs/cli",
      "rawSpec": "^8.2.4"
    }
  },
  "156 debug pnpm:progress": {
    "packageId": "registry.npmjs.org/@nestjs/cli/8.2.5",
    "requester": "/home/william/Documents/mewi-nest-api",
    "status": "resolved"
  },
  "157 debug pnpm:_dependency_resolved": {
    "resolution": "registry.npmjs.org/@nestjs/passport/8.2.1",
    "wanted": {
      "dependentId": ".",
      "name": "@nestjs/passport",
      "rawSpec": "^8.2.1"
    }
  },
  "158 debug pnpm:progress": {
    "packageId": "registry.npmjs.org/@nestjs/passport/8.2.1",
    "requester": "/home/william/Documents/mewi-nest-api",
    "status": "resolved"
  },
  "159 debug pnpm:progress": {
    "packageId": "registry.npmjs.org/@types/email-templates/8.0.4",
    "requester": "/home/william/Documents/mewi-nest-api",
    "status": "found_in_store"
  },
  "160 debug pnpm:_dependency_resolved": {
    "resolution": "registry.npmjs.org/@nestjs/platform-express/8.4.4",
    "wanted": {
      "dependentId": ".",
      "name": "@nestjs/platform-express",
      "rawSpec": "^8.4.2"
    }
  },
  "161 debug pnpm:progress": {
    "packageId": "registry.npmjs.org/@nestjs/platform-express/8.4.4",
    "requester": "/home/william/Documents/mewi-nest-api",
    "status": "resolved"
  },
  "162 debug pnpm:progress": {
    "packageId": "registry.npmjs.org/@types/mjml/4.7.0",
    "requester": "/home/william/Documents/mewi-nest-api",
    "status": "found_in_store"
  },
  "163 debug pnpm:progress": {
    "packageId": "registry.npmjs.org/@types/node-schedule/1.3.2",
    "requester": "/home/william/Documents/mewi-nest-api",
    "status": "found_in_store"
  },
  "164 debug pnpm:progress": {
    "packageId": "registry.npmjs.org/eslint-plugin-tsdoc/0.2.16",
    "requester": "/home/william/Documents/mewi-nest-api",
    "status": "fetched"
  },
  "165 debug pnpm:_dependency_resolved": {
    "resolution": "registry.npmjs.org/@nestjs/mongoose/9.0.3",
    "wanted": {
      "dependentId": ".",
      "name": "@nestjs/mongoose",
      "rawSpec": "^9.0.3"
    }
  },
  "166 debug pnpm:progress": {
    "packageId": "registry.npmjs.org/@nestjs/mongoose/9.0.3",
    "requester": "/home/william/Documents/mewi-nest-api",
    "status": "resolved"
  },
  "167 debug pnpm:progress": {
    "packageId": "registry.npmjs.org/vite-tsconfig-paths/3.4.1",
    "requester": "/home/william/Documents/mewi-nest-api",
    "status": "found_in_store"
  },
  "168 debug pnpm:fetching-progress": {
    "attempt": 1,
    "packageId": "registry.npmjs.org/@nestjs/common/8.4.4",
    "size": 75655,
    "status": "started"
  },
  "169 debug pnpm:_dependency_resolved": {
    "resolution": "registry.npmjs.org/@nestjs/config/2.0.0",
    "wanted": {
      "dependentId": ".",
      "name": "@nestjs/config",
      "rawSpec": "^2.0.0"
    }
  },
  "170 debug pnpm:progress": {
    "packageId": "registry.npmjs.org/@nestjs/config/2.0.0",
    "requester": "/home/william/Documents/mewi-nest-api",
    "status": "resolved"
  },
  "171 debug pnpm:_dependency_resolved": {
    "resolution": "registry.npmjs.org/@nestjs/jwt/8.0.0",
    "wanted": {
      "dependentId": ".",
      "name": "@nestjs/jwt",
      "rawSpec": "^8.0.0"
    }
  },
  "172 debug pnpm:progress": {
    "packageId": "registry.npmjs.org/@nestjs/jwt/8.0.0",
    "requester": "/home/william/Documents/mewi-nest-api",
    "status": "resolved"
  },
  "173 debug pnpm:progress": {
    "packageId": "registry.npmjs.org/@types/passport-local/1.0.34",
    "requester": "/home/william/Documents/mewi-nest-api",
    "status": "found_in_store"
  },
  "174 debug pnpm:progress": {
    "packageId": "registry.npmjs.org/mongodb-memory-server/8.5.2",
    "requester": "/home/william/Documents/mewi-nest-api",
    "status": "fetched"
  },
  "175 debug pnpm:progress": {
    "packageId": "registry.npmjs.org/mockingoose/2.15.2",
    "requester": "/home/william/Documents/mewi-nest-api",
    "status": "found_in_store"
  },
  "176 debug pnpm:progress": {
    "packageId": "registry.npmjs.org/@nestjs/passport/8.2.1",
    "requester": "/home/william/Documents/mewi-nest-api",
    "status": "found_in_store"
  },
  "177 debug pnpm:fetching-progress": {
    "attempt": 1,
    "packageId": "registry.npmjs.org/vitest/0.8.5",
    "size": 381161,
    "status": "started"
  },
  "178 debug pnpm:progress": {
    "packageId": "registry.npmjs.org/@nestjs/config/2.0.0",
    "requester": "/home/william/Documents/mewi-nest-api",
    "status": "found_in_store"
  },
  "179 debug pnpm:progress": {
    "packageId": "registry.npmjs.org/tsc-alias/1.6.7",
    "requester": "/home/william/Documents/mewi-nest-api",
    "status": "fetched"
  },
  "180 debug pnpm:fetching-progress": {
    "attempt": 1,
    "packageId": "registry.npmjs.org/@nestjs/cli/8.2.5",
    "size": 48834,
    "status": "started"
  },
  "181 debug pnpm:progress": {
    "packageId": "registry.npmjs.org/unplugin-auto-import/0.6.9",
    "requester": "/home/william/Documents/mewi-nest-api",
    "status": "fetched"
  },
  "182 debug pnpm:progress": {
    "packageId": "registry.npmjs.org/@nestjs/mongoose/9.0.3",
    "requester": "/home/william/Documents/mewi-nest-api",
    "status": "found_in_store"
  },
  "183 debug pnpm:progress": {
    "packageId": "registry.npmjs.org/@nestjs/jwt/8.0.0",
    "requester": "/home/william/Documents/mewi-nest-api",
    "status": "found_in_store"
  },
  "184 debug pnpm:fetching-progress": {
    "attempt": 1,
    "packageId": "registry.npmjs.org/@nestjs/core/8.4.4",
    "size": 83500,
    "status": "started"
  },
  "185 debug pnpm:fetching-progress": {
    "attempt": 1,
    "packageId": "registry.npmjs.org/@nestjs/platform-express/8.4.4",
    "size": 13183,
    "status": "started"
  },
  "186 debug pnpm:_dependency_resolved": {
    "resolution": "registry.npmjs.org/@nestjs/testing/8.4.4",
    "wanted": {
      "dependentId": ".",
      "name": "@nestjs/testing",
      "rawSpec": "^8.4.3"
    }
  },
  "187 debug pnpm:progress": {
    "packageId": "registry.npmjs.org/@nestjs/testing/8.4.4",
    "requester": "/home/william/Documents/mewi-nest-api",
    "status": "resolved"
  },
  "188 debug pnpm:_dependency_resolved": {
    "resolution": "registry.npmjs.org/@types/bcryptjs/2.4.2",
    "wanted": {
      "dependentId": ".",
      "name": "@types/bcryptjs",
      "rawSpec": "^2.4.2"
    }
  },
  "189 debug pnpm:progress": {
    "packageId": "registry.npmjs.org/@types/bcryptjs/2.4.2",
    "requester": "/home/william/Documents/mewi-nest-api",
    "status": "resolved"
  },
  "190 debug pnpm:_dependency_resolved": {
    "resolution": "registry.npmjs.org/@nestjs/mapped-types/1.0.1",
    "wanted": {
      "dependentId": ".",
      "name": "@nestjs/mapped-types",
      "rawSpec": "^1.0.1"
    }
  },
  "191 debug pnpm:progress": {
    "packageId": "registry.npmjs.org/@nestjs/mapped-types/1.0.1",
    "requester": "/home/william/Documents/mewi-nest-api",
    "status": "resolved"
  },
  "192 debug pnpm:_dependency_resolved": {
    "resolution": "registry.npmjs.org/@types/passport-jwt/3.0.6",
    "wanted": {
      "dependentId": ".",
      "name": "@types/passport-jwt",
      "rawSpec": "^3.0.6"
    }
  },
  "193 debug pnpm:progress": {
    "packageId": "registry.npmjs.org/@types/passport-jwt/3.0.6",
    "requester": "/home/william/Documents/mewi-nest-api",
    "status": "resolved"
  },
  "194 error pnpm": {
    "code": "ERR_PNPM_NO_MATCHING_VERSION_INSIDE_WORKSPACE",
    "pkgsStack": [],
    "err": {
      "name": "pnpm",
      "message": "In : No matching version found for @wille430/common@^1.0.1 inside the workspace",
      "code": "ERR_PNPM_NO_MATCHING_VERSION_INSIDE_WORKSPACE",
      "stack": "pnpm: In : No matching version found for @wille430/common@^1.0.1 inside the workspace\n    at tryResolveFromWorkspace (/usr/pnpm-global/5/node_modules/.pnpm/pnpm@6.32.4/node_modules/pnpm/dist/pnpm.cjs:86006:15)\n    at resolveNpm (/usr/pnpm-global/5/node_modules/.pnpm/pnpm@6.32.4/node_modules/pnpm/dist/pnpm.cjs:85897:39)\n    at Object.resolve (/usr/pnpm-global/5/node_modules/.pnpm/pnpm@6.32.4/node_modules/pnpm/dist/pnpm.cjs:86129:40)\n    at ctx.requestsQueue.add.priority (/usr/pnpm-global/5/node_modules/.pnpm/pnpm@6.32.4/node_modules/pnpm/dist/pnpm.cjs:74483:75)\n    at run (/usr/pnpm-global/5/node_modules/.pnpm/pnpm@6.32.4/node_modules/pnpm/dist/pnpm.cjs:74199:90)\n    at PQueue._tryToStartAnother (/usr/pnpm-global/5/node_modules/.pnpm/pnpm@6.32.4/node_modules/pnpm/dist/pnpm.cjs:74153:13)\n    at PQueue._next (/usr/pnpm-global/5/node_modules/.pnpm/pnpm@6.32.4/node_modules/pnpm/dist/pnpm.cjs:74102:14)\n    at run (/usr/pnpm-global/5/node_modules/.pnpm/pnpm@6.32.4/node_modules/pnpm/dist/pnpm.cjs:74209:18)\n    at process.processTicksAndRejections (node:internal/process/task_queues:95:5)"
    }
  },
  "195 debug pnpm:_dependency_resolved": {
    "resolution": "registry.npmjs.org/@types/passport-google-oauth20/2.0.11",
    "wanted": {
      "dependentId": ".",
      "name": "@types/passport-google-oauth20",
      "rawSpec": "^2.0.11"
    }
  },
  "196 debug pnpm:progress": {
    "packageId": "registry.npmjs.org/@types/passport-google-oauth20/2.0.11",
    "requester": "/home/william/Documents/mewi-nest-api",
    "status": "resolved"
  }
}